Using pre-set license
Built from '2021.3/staging' branch; Version is '2021.3.4f1 (cb45f9cae8b7) revision 13321721'; Using compiler version '192829333'; Build Type 'Release'
OS: 'Windows 11  (10.0.22621) 64bit CoreSingleLanguage' Language: 'en' Physical Memory: 16106 MB
BatchMode: 1, IsHumanControllingUs: 0, StartBugReporterOnCrash: 0, Is64bit: 1, IsPro: 1

COMMAND LINE ARGUMENTS:
D:\Unity\2021.3.4f1\Editor\Unity.exe
-adb2
-batchMode
-noUpm
-name
AssetImportWorker3
-projectPath
D:/Unity/Project/Metalabs
-logFile
Logs/AssetImportWorker3.log
-srvPort
58616
Successfully changed project path to: D:/Unity/Project/Metalabs
D:/Unity/Project/Metalabs
[UnityMemory] Configuration Parameters - Can be set up in boot.config
    "memorysetup-bucket-allocator-granularity=16"
    "memorysetup-bucket-allocator-bucket-count=8"
    "memorysetup-bucket-allocator-block-size=33554432"
    "memorysetup-bucket-allocator-block-count=8"
    "memorysetup-main-allocator-block-size=16777216"
    "memorysetup-thread-allocator-block-size=16777216"
    "memorysetup-gfx-main-allocator-block-size=16777216"
    "memorysetup-gfx-thread-allocator-block-size=16777216"
    "memorysetup-cache-allocator-block-size=4194304"
    "memorysetup-typetree-allocator-block-size=2097152"
    "memorysetup-profiler-bucket-allocator-granularity=16"
    "memorysetup-profiler-bucket-allocator-bucket-count=8"
    "memorysetup-profiler-bucket-allocator-block-size=33554432"
    "memorysetup-profiler-bucket-allocator-block-count=8"
    "memorysetup-profiler-allocator-block-size=16777216"
    "memorysetup-profiler-editor-allocator-block-size=1048576"
    "memorysetup-temp-allocator-size-main=16777216"
    "memorysetup-job-temp-allocator-block-size=2097152"
    "memorysetup-job-temp-allocator-block-size-background=1048576"
    "memorysetup-job-temp-allocator-reduction-small-platforms=262144"
    "memorysetup-temp-allocator-size-background-worker=32768"
    "memorysetup-temp-allocator-size-job-worker=262144"
    "memorysetup-temp-allocator-size-preload-manager=33554432"
    "memorysetup-temp-allocator-size-nav-mesh-worker=65536"
    "memorysetup-temp-allocator-size-audio-worker=65536"
    "memorysetup-temp-allocator-size-cloud-worker=32768"
    "memorysetup-temp-allocator-size-gi-baking-worker=262144"
    "memorysetup-temp-allocator-size-gfx=262144"
Refreshing native plugins compatible for Editor in 99.24 ms, found 3 plugins.
Preloading 0 native plugins for Editor in 0.00 ms.
Initialize engine version: 2021.3.4f1 (cb45f9cae8b7)
[Subsystems] Discovering subsystems at path D:/Unity/2021.3.4f1/Editor/Data/Resources/UnitySubsystems
[Subsystems] Discovering subsystems at path D:/Unity/Project/Metalabs/Assets
GfxDevice: creating device client; threaded=0; jobified=0
Direct3D:
    Version:  Direct3D 11.0 [level 11.1]
    Renderer: NVIDIA GeForce RTX 3050 Laptop GPU (ID=0x25a5)
    Vendor:   NVIDIA
    VRAM:     3977 MB
    Driver:   31.0.15.2756
Initialize mono
Mono path[0] = 'D:/Unity/2021.3.4f1/Editor/Data/Managed'
Mono path[1] = 'D:/Unity/2021.3.4f1/Editor/Data/MonoBleedingEdge/lib/mono/unityjit-win32'
Mono config path = 'D:/Unity/2021.3.4f1/Editor/Data/MonoBleedingEdge/etc'
Using monoOptions --debugger-agent=transport=dt_socket,embedding=1,server=y,suspend=n,address=127.0.0.1:56096
Begin MonoManager ReloadAssembly
Registering precompiled unity dll's ...
Register platform support module: D:/Unity/2021.3.4f1/Editor/Data/PlaybackEngines/AndroidPlayer/UnityEditor.Android.Extensions.dll
Register platform support module: D:/Unity/2021.3.4f1/Editor/Data/PlaybackEngines/WindowsStandaloneSupport/UnityEditor.WindowsStandalone.Extensions.dll
Registered in 0.001407 seconds.
Native extension for WindowsStandalone target not found
Native extension for Android target not found
Refreshing native plugins compatible for Editor in 77.07 ms, found 3 plugins.
Preloading 0 native plugins for Editor in 0.00 ms.
Mono: successfully reloaded assembly
- Completed reload, in  0.515 seconds
Domain Reload Profiling:
	ReloadAssembly (515ms)
		BeginReloadAssembly (54ms)
			ExecutionOrderSort (0ms)
			DisableScriptedObjects (0ms)
			BackupInstance (0ms)
			ReleaseScriptingObjects (0ms)
			CreateAndSetChildDomain (1ms)
		EndReloadAssembly (382ms)
			LoadAssemblies (54ms)
			RebuildTransferFunctionScriptingTraits (0ms)
			SetupTypeCache (88ms)
			ReleaseScriptCaches (0ms)
			RebuildScriptCaches (24ms)
			SetupLoadedEditorAssemblies (232ms)
				LogAssemblyErrors (0ms)
				InitializePlatformSupportModulesInManaged (42ms)
				SetLoadedEditorAssemblies (0ms)
				RefreshPlugins (77ms)
				BeforeProcessingInitializeOnLoad (1ms)
				ProcessInitializeOnLoadAttributes (76ms)
				ProcessInitializeOnLoadMethodAttributes (35ms)
				AfterProcessingInitializeOnLoad (0ms)
				EditorAssembliesLoaded (0ms)
			ExecutionOrderSort2 (0ms)
			AwakeInstancesAfterBackupRestoration (0ms)
Platform modules already initialized, skipping
Registering precompiled user dll's ...
Registered in 0.002669 seconds.
Begin MonoManager ReloadAssembly
Symbol file LoadedFromMemory doesn't match image D:\Unity\Project\Metalabs\Library\PackageCache\com.unity.visualscripting@1.7.8\Editor\VisualScripting.Core\Dependencies\YamlDotNet\Unity.VisualScripting.YamlDotNet.dll
Symbol file LoadedFromMemory doesn't match image D:\Unity\Project\Metalabs\Library\PackageCache\com.unity.visualscripting@1.7.8\Editor\VisualScripting.Core\Dependencies\DotNetZip\Unity.VisualScripting.IonicZip.dll
Native extension for WindowsStandalone target not found
Native extension for Android target not found
Refreshing native plugins compatible for Editor in 73.59 ms, found 3 plugins.
Preloading 0 native plugins for Editor in 0.00 ms.
Mono: successfully reloaded assembly
- Completed reload, in  1.092 seconds
Domain Reload Profiling:
	ReloadAssembly (1092ms)
		BeginReloadAssembly (191ms)
			ExecutionOrderSort (0ms)
			DisableScriptedObjects (4ms)
			BackupInstance (0ms)
			ReleaseScriptingObjects (0ms)
			CreateAndSetChildDomain (125ms)
		EndReloadAssembly (801ms)
			LoadAssemblies (59ms)
			RebuildTransferFunctionScriptingTraits (0ms)
			SetupTypeCache (233ms)
			ReleaseScriptCaches (1ms)
			RebuildScriptCaches (49ms)
			SetupLoadedEditorAssemblies (418ms)
				LogAssemblyErrors (0ms)
				InitializePlatformSupportModulesInManaged (9ms)
				SetLoadedEditorAssemblies (0ms)
				RefreshPlugins (74ms)
				BeforeProcessingInitializeOnLoad (70ms)
				ProcessInitializeOnLoadAttributes (243ms)
				ProcessInitializeOnLoadMethodAttributes (20ms)
				AfterProcessingInitializeOnLoad (2ms)
				EditorAssembliesLoaded (0ms)
			ExecutionOrderSort2 (0ms)
			AwakeInstancesAfterBackupRestoration (5ms)
Platform modules already initialized, skipping
========================================================================
Worker process is ready to serve import requests
Launched and connected shader compiler UnityShaderCompiler.exe after 0.05 seconds
Refreshing native plugins compatible for Editor in 1.16 ms, found 3 plugins.
Preloading 0 native plugins for Editor in 0.00 ms.
Unloading 3846 Unused Serialized files (Serialized files now loaded: 0)
Unloading 43 unused Assets / (181.6 KB). Loaded Objects now: 4305.
Memory consumption went from 136.1 MB to 135.9 MB.
Total: 3.249100 ms (FindLiveObjects: 0.317900 ms CreateObjectMapping: 0.122500 ms MarkObjects: 2.680200 ms  DeleteObjects: 0.126800 ms)

AssetImportParameters requested are different than current active one (requested -> active):
  custom:video-decoder-ogg-theora: a1e56fd34408186e4bbccfd4996cb3dc -> 
  custom:container-muxer-webm: aa71ff27fc2769a1b78a27578f13a17b -> 
  custom:container-demuxer-webm: 4f35f7cbe854078d1ac9338744f61a02 -> 
  custom:video-encoder-webm-vp8: eb34c28f22e8b96e1ab97ce403110664 -> 
  custom:video-codec-MediaFoundation-h265: 746d11721c4dcdbdad8f713fa42b33f4 -> 
  custom:audio-encoder-webm-vorbis: bf7c407c2cedff20999df2af8eb42d56 -> 
  custom:framework-win-MediaFoundation: 216162199b28c13a410421893ffa2e32 -> 
  custom:container-demuxer-ogg: 62fdf1f143b41e24485cea50d1cbac27 -> 
  custom:video-decoder-webm-vp8: 9c59270c3fd7afecdb556c50c9e8de78 -> 
  custom:audio-decoder-ogg-vorbis: bf7c407c2cedff20999df2af8eb42d56 -> 
========================================================================
Received Import Request.
  Time since last request: 6628.424717 seconds.
  path: Assets/Resources/VirtualJoystickTexture_Vol1/Buttons/Button_05_Normal_Shoot.png
  artifactKey: Guid(1c788f3c216ff8a418253898095d111d) Importer(815301076,1909f56bfc062723c751e8b465ee728b)
Start importing Assets/Resources/VirtualJoystickTexture_Vol1/Buttons/Button_05_Normal_Shoot.png using Guid(1c788f3c216ff8a418253898095d111d) Importer(815301076,1909f56bfc062723c751e8b465ee728b)  -> (artifact id: '7eb5294c133a63ad53dc7f641e9b58fd') in 0.075586 seconds 
========================================================================
Received Import Request.
  Time since last request: 0.000030 seconds.
  path: Assets/Resources/VirtualJoystickTexture_Vol1/Buttons/Button_05_Pressed_Virgin.png
  artifactKey: Guid(7cdafda1657e1b1409284153b88646f0) Importer(815301076,1909f56bfc062723c751e8b465ee728b)
Start importing Assets/Resources/VirtualJoystickTexture_Vol1/Buttons/Button_05_Pressed_Virgin.png using Guid(7cdafda1657e1b1409284153b88646f0) Importer(815301076,1909f56bfc062723c751e8b465ee728b)  -> (artifact id: '3f045a56e5a780d9c42357c6abf3b8de') in 0.014994 seconds 
========================================================================
Received Import Request.
  Time since last request: 0.000022 seconds.
  path: Assets/Resources/VirtualJoystickTexture_Vol1/Buttons/Button_05_Pressed_Shoot.png
  artifactKey: Guid(b49404572b86b50478492c72db152667) Importer(815301076,1909f56bfc062723c751e8b465ee728b)
Start importing Assets/Resources/VirtualJoystickTexture_Vol1/Buttons/Button_05_Pressed_Shoot.png using Guid(b49404572b86b50478492c72db152667) Importer(815301076,1909f56bfc062723c751e8b465ee728b)  -> (artifact id: 'fbe26ccfd2e8b7ac584cd2d7ddae8949') in 0.015076 seconds 
========================================================================
Received Import Request.
  Time since last request: 0.000036 seconds.
  path: Assets/Resources/VirtualJoystickTexture_Vol1/Buttons/Button_06_Normal_Virgin.png
  artifactKey: Guid(4e17da7838db2184da73392cb615ec3e) Importer(815301076,1909f56bfc062723c751e8b465ee728b)
Start importing Assets/Resources/VirtualJoystickTexture_Vol1/Buttons/Button_06_Normal_Virgin.png using Guid(4e17da7838db2184da73392cb615ec3e) Importer(815301076,1909f56bfc062723c751e8b465ee728b)  -> (artifact id: '2ae6226fadba0b5ad4f847582aa4fe1f') in 0.015703 seconds 
========================================================================
Received Import Request.
  Time since last request: 0.000034 seconds.
  path: Assets/Resources/VirtualJoystickTexture_Vol1/Buttons/Button_06_Normal_Left.png
  artifactKey: Guid(e7e5dfcd17790344eb854086e522cc01) Importer(815301076,1909f56bfc062723c751e8b465ee728b)
Start importing Assets/Resources/VirtualJoystickTexture_Vol1/Buttons/Button_06_Normal_Left.png using Guid(e7e5dfcd17790344eb854086e522cc01) Importer(815301076,1909f56bfc062723c751e8b465ee728b)  -> (artifact id: '6e5ede26c08e2c2b0f6cc6d12ffd31c5') in 0.014066 seconds 
========================================================================
Received Import Request.
  Time since last request: 0.572902 seconds.
  path: Assets/Resources/VirtualJoystickTexture_Vol1/Buttons/Button_06_Pressed_Shoot.png
  artifactKey: Guid(b0e808577890f2844a3f1bcd8705b927) Importer(815301076,1909f56bfc062723c751e8b465ee728b)
Start importing Assets/Resources/VirtualJoystickTexture_Vol1/Buttons/Button_06_Pressed_Shoot.png using Guid(b0e808577890f2844a3f1bcd8705b927) Importer(815301076,1909f56bfc062723c751e8b465ee728b)  -> (artifact id: '8ff551ce4b21f59f1cd3549c0c212b18') in 0.011382 seconds 
========================================================================
Received Import Request.
  Time since last request: 0.000026 seconds.
  path: Assets/Resources/VirtualJoystickTexture_Vol1/Buttons/Button_07_Normal_Down.png
  artifactKey: Guid(87d2a9e925e7d8348815cf7b4d3e2ae6) Importer(815301076,1909f56bfc062723c751e8b465ee728b)
Start importing Assets/Resources/VirtualJoystickTexture_Vol1/Buttons/Button_07_Normal_Down.png using Guid(87d2a9e925e7d8348815cf7b4d3e2ae6) Importer(815301076,1909f56bfc062723c751e8b465ee728b)  -> (artifact id: '6cc457cb9b14bee7312f09a39755c3a9') in 0.014075 seconds 
========================================================================
Received Import Request.
  Time since last request: 16.879874 seconds.
  path: Assets/Resources/VirtualJoystickTexture_Vol1/Buttons/Button_07_Normal_Shoot.png
  artifactKey: Guid(72b9de5033bbd4d41842120257b9619f) Importer(815301076,1909f56bfc062723c751e8b465ee728b)
Start importing Assets/Resources/VirtualJoystickTexture_Vol1/Buttons/Button_07_Normal_Shoot.png using Guid(72b9de5033bbd4d41842120257b9619f) Importer(815301076,1909f56bfc062723c751e8b465ee728b)  -> (artifact id: 'f86fd3da4aad9873d4bb1cabee5ad395') in 0.012129 seconds 
========================================================================
Received Import Request.
  Time since last request: 0.000022 seconds.
  path: Assets/Resources/VirtualJoystickTexture_Vol1/Buttons/Button_07_Normal_Shoot_B.png
  artifactKey: Guid(d91bd47ba73c15e49bd20bbe75e012b6) Importer(815301076,1909f56bfc062723c751e8b465ee728b)
Start importing Assets/Resources/VirtualJoystickTexture_Vol1/Buttons/Button_07_Normal_Shoot_B.png using Guid(d91bd47ba73c15e49bd20bbe75e012b6) Importer(815301076,1909f56bfc062723c751e8b465ee728b)  -> (artifact id: '0ea9cec92eeac2751979365c80c46a14') in 0.013579 seconds 
========================================================================
Received Import Request.
  Time since last request: 0.000029 seconds.
  path: Assets/Resources/VirtualJoystickTexture_Vol1/Buttons/Button_07_Pressed_Down.png
  artifactKey: Guid(8a4844edfafb17c4e99f7d1285a30e9a) Importer(815301076,1909f56bfc062723c751e8b465ee728b)
Start importing Assets/Resources/VirtualJoystickTexture_Vol1/Buttons/Button_07_Pressed_Down.png using Guid(8a4844edfafb17c4e99f7d1285a30e9a) Importer(815301076,1909f56bfc062723c751e8b465ee728b)  -> (artifact id: '97eb4c4929806aa37fcd6c89de99f022') in 0.011975 seconds 
========================================================================
Received Import Request.
  Time since last request: 0.614671 seconds.
  path: Assets/Resources/VirtualJoystickTexture_Vol1/Buttons/Button_07_Pressed_Shoot.png
  artifactKey: Guid(35db38de83d54c546b234ef84e17c045) Importer(815301076,1909f56bfc062723c751e8b465ee728b)
Start importing Assets/Resources/VirtualJoystickTexture_Vol1/Buttons/Button_07_Pressed_Shoot.png using Guid(35db38de83d54c546b234ef84e17c045) Importer(815301076,1909f56bfc062723c751e8b465ee728b)  -> (artifact id: 'e9593689ecdb584de7ce1d0446b4d419') in 0.011844 seconds 
========================================================================
Received Import Request.
  Time since last request: 0.000023 seconds.
  path: Assets/Resources/VirtualJoystickTexture_Vol1/Buttons/Button_07_Pressed_Up.png
  artifactKey: Guid(07d18eea4772f754e9434f2ed65708f3) Importer(815301076,1909f56bfc062723c751e8b465ee728b)
Start importing Assets/Resources/VirtualJoystickTexture_Vol1/Buttons/Button_07_Pressed_Up.png using Guid(07d18eea4772f754e9434f2ed65708f3) Importer(815301076,1909f56bfc062723c751e8b465ee728b)  -> (artifact id: 'bd9438787d0f9474d6aab285529b6ae3') in 0.012664 seconds 
========================================================================
Received Import Request.
  Time since last request: 0.531141 seconds.
  path: Assets/Resources/VirtualJoystickTexture_Vol1/Buttons/Button_08_Normal_Shoot.png
  artifactKey: Guid(adbb2e7c49cc7bb4cb84d6f19bcd7748) Importer(815301076,1909f56bfc062723c751e8b465ee728b)
Start importing Assets/Resources/VirtualJoystickTexture_Vol1/Buttons/Button_08_Normal_Shoot.png using Guid(adbb2e7c49cc7bb4cb84d6f19bcd7748) Importer(815301076,1909f56bfc062723c751e8b465ee728b)  -> (artifact id: 'aa28c8feae300a02bc862fb2e99dd009') in 0.014097 seconds 
========================================================================
Received Import Request.
  Time since last request: 0.000020 seconds.
  path: Assets/Resources/VirtualJoystickTexture_Vol1/Buttons/Button_08_Normal_Virgin.png
  artifactKey: Guid(655d858d4ccf51b409cc6f6c5e850066) Importer(815301076,1909f56bfc062723c751e8b465ee728b)
Start importing Assets/Resources/VirtualJoystickTexture_Vol1/Buttons/Button_08_Normal_Virgin.png using Guid(655d858d4ccf51b409cc6f6c5e850066) Importer(815301076,1909f56bfc062723c751e8b465ee728b)  -> (artifact id: '865a1c05cadfcebc3c8de07f9ffbc703') in 0.016335 seconds 
========================================================================
Received Import Request.
  Time since last request: 0.356929 seconds.
  path: Assets/Resources/VirtualJoystickTexture_Vol1/Buttons/Button_08_Pressed_Shoot.png
  artifactKey: Guid(6bbe7bff047c9cb4784e3e6bc4f50692) Importer(815301076,1909f56bfc062723c751e8b465ee728b)
Start importing Assets/Resources/VirtualJoystickTexture_Vol1/Buttons/Button_08_Pressed_Shoot.png using Guid(6bbe7bff047c9cb4784e3e6bc4f50692) Importer(815301076,1909f56bfc062723c751e8b465ee728b)  -> (artifact id: '236147e9a45c8ed397ded5c7806e2da0') in 0.010955 seconds 
========================================================================
Received Import Request.
  Time since last request: 0.000031 seconds.
  path: Assets/Resources/VirtualJoystickTexture_Vol1/Buttons/Button_08_Pressed_Up.png
  artifactKey: Guid(e0f062ae1483d7e41abc73e06b2d0b3b) Importer(815301076,1909f56bfc062723c751e8b465ee728b)
Start importing Assets/Resources/VirtualJoystickTexture_Vol1/Buttons/Button_08_Pressed_Up.png using Guid(e0f062ae1483d7e41abc73e06b2d0b3b) Importer(815301076,1909f56bfc062723c751e8b465ee728b)  -> (artifact id: '59396baf84dd8b4b976538122b1d4661') in 0.011520 seconds 
========================================================================
Received Import Request.
  Time since last request: 45.532841 seconds.
  path: Assets/Resources/VirtualJoystickTexture_Vol1/Backgrounds/Back_03.png
  artifactKey: Guid(c606ff179cd353247b3e962c59576f01) Importer(815301076,1909f56bfc062723c751e8b465ee728b)
Start importing Assets/Resources/VirtualJoystickTexture_Vol1/Backgrounds/Back_03.png using Guid(c606ff179cd353247b3e962c59576f01) Importer(815301076,1909f56bfc062723c751e8b465ee728b)  -> (artifact id: '5fe6e43930254845ca8cb6b10b937e40') in 0.013815 seconds 
========================================================================
Received Import Request.
  Time since last request: 0.000017 seconds.
  path: Assets/Resources/VirtualJoystickTexture_Vol1/Backgrounds/Back_06.png
  artifactKey: Guid(12119edda0df1ea4fa497514f515b340) Importer(815301076,1909f56bfc062723c751e8b465ee728b)
Start importing Assets/Resources/VirtualJoystickTexture_Vol1/Backgrounds/Back_06.png using Guid(12119edda0df1ea4fa497514f515b340) Importer(815301076,1909f56bfc062723c751e8b465ee728b)  -> (artifact id: '24551a8a8c202aa9eb4f678456bc38f3') in 0.013947 seconds 
========================================================================
Received Import Request.
  Time since last request: 0.000023 seconds.
  path: Assets/Resources/VirtualJoystickTexture_Vol1/Backgrounds/Back_04.png
  artifactKey: Guid(0a4e4347d298a684bb8a9506a07b21bf) Importer(815301076,1909f56bfc062723c751e8b465ee728b)
Start importing Assets/Resources/VirtualJoystickTexture_Vol1/Backgrounds/Back_04.png using Guid(0a4e4347d298a684bb8a9506a07b21bf) Importer(815301076,1909f56bfc062723c751e8b465ee728b)  -> (artifact id: '682084bcf86b65d454697cdbd74d1dc4') in 0.012631 seconds 
========================================================================
Received Prepare
Registering precompiled user dll's ...
Registered in 0.002697 seconds.
Begin MonoManager ReloadAssembly
Symbol file LoadedFromMemory doesn't match image D:\Unity\Project\Metalabs\Library\PackageCache\com.unity.visualscripting@1.7.8\Editor\VisualScripting.Core\Dependencies\YamlDotNet\Unity.VisualScripting.YamlDotNet.dll
Symbol file LoadedFromMemory doesn't match image D:\Unity\Project\Metalabs\Library\PackageCache\com.unity.visualscripting@1.7.8\Editor\VisualScripting.Core\Dependencies\DotNetZip\Unity.VisualScripting.IonicZip.dll
Native extension for WindowsStandalone target not found
Native extension for Android target not found
Refreshing native plugins compatible for Editor in 0.78 ms, found 3 plugins.
Preloading 0 native plugins for Editor in 0.00 ms.
Mono: successfully reloaded assembly
- Completed reload, in  1.082 seconds
Domain Reload Profiling:
	ReloadAssembly (1083ms)
		BeginReloadAssembly (120ms)
			ExecutionOrderSort (0ms)
			DisableScriptedObjects (4ms)
			BackupInstance (0ms)
			ReleaseScriptingObjects (0ms)
			CreateAndSetChildDomain (38ms)
		EndReloadAssembly (883ms)
			LoadAssemblies (67ms)
			RebuildTransferFunctionScriptingTraits (0ms)
			SetupTypeCache (285ms)
			ReleaseScriptCaches (2ms)
			RebuildScriptCaches (47ms)
			SetupLoadedEditorAssemblies (428ms)
				LogAssemblyErrors (0ms)
				InitializePlatformSupportModulesInManaged (22ms)
				SetLoadedEditorAssemblies (0ms)
				RefreshPlugins (1ms)
				BeforeProcessingInitializeOnLoad (63ms)
				ProcessInitializeOnLoadAttributes (311ms)
				ProcessInitializeOnLoadMethodAttributes (27ms)
				AfterProcessingInitializeOnLoad (2ms)
				EditorAssembliesLoaded (1ms)
			ExecutionOrderSort2 (0ms)
			AwakeInstancesAfterBackupRestoration (7ms)
Platform modules already initialized, skipping
Refreshing native plugins compatible for Editor in 1.70 ms, found 3 plugins.
Preloading 0 native plugins for Editor in 0.00 ms.
Unloading 3841 Unused Serialized files (Serialized files now loaded: 0)
Unloading 22 unused Assets / (148.9 KB). Loaded Objects now: 4322.
Memory consumption went from 136.0 MB to 135.8 MB.
Total: 3.692600 ms (FindLiveObjects: 0.306700 ms CreateObjectMapping: 0.110500 ms MarkObjects: 3.146200 ms  DeleteObjects: 0.127100 ms)

AssetImportParameters requested are different than current active one (requested -> active):
  custom:video-decoder-ogg-theora: a1e56fd34408186e4bbccfd4996cb3dc -> 
  custom:container-muxer-webm: aa71ff27fc2769a1b78a27578f13a17b -> 
  custom:container-demuxer-webm: 4f35f7cbe854078d1ac9338744f61a02 -> 
  custom:video-encoder-webm-vp8: eb34c28f22e8b96e1ab97ce403110664 -> 
  custom:video-codec-MediaFoundation-h265: 746d11721c4dcdbdad8f713fa42b33f4 -> 
  custom:audio-encoder-webm-vorbis: bf7c407c2cedff20999df2af8eb42d56 -> 
  custom:framework-win-MediaFoundation: 216162199b28c13a410421893ffa2e32 -> 
  custom:container-demuxer-ogg: 62fdf1f143b41e24485cea50d1cbac27 -> 
  custom:video-decoder-webm-vp8: 9c59270c3fd7afecdb556c50c9e8de78 -> 
  custom:audio-decoder-ogg-vorbis: bf7c407c2cedff20999df2af8eb42d56 -> 
========================================================================
Received Prepare
Registering precompiled user dll's ...
Registered in 0.003152 seconds.
Begin MonoManager ReloadAssembly
Symbol file LoadedFromMemory doesn't match image D:\Unity\Project\Metalabs\Library\PackageCache\com.unity.visualscripting@1.7.8\Editor\VisualScripting.Core\Dependencies\YamlDotNet\Unity.VisualScripting.YamlDotNet.dll
Symbol file LoadedFromMemory doesn't match image D:\Unity\Project\Metalabs\Library\PackageCache\com.unity.visualscripting@1.7.8\Editor\VisualScripting.Core\Dependencies\DotNetZip\Unity.VisualScripting.IonicZip.dll
Native extension for WindowsStandalone target not found
Native extension for Android target not found
Refreshing native plugins compatible for Editor in 1.20 ms, found 3 plugins.
Preloading 0 native plugins for Editor in 0.00 ms.
Mono: successfully reloaded assembly
- Completed reload, in  1.299 seconds
Domain Reload Profiling:
	ReloadAssembly (1300ms)
		BeginReloadAssembly (132ms)
			ExecutionOrderSort (0ms)
			DisableScriptedObjects (4ms)
			BackupInstance (0ms)
			ReleaseScriptingObjects (0ms)
			CreateAndSetChildDomain (42ms)
		EndReloadAssembly (1072ms)
			LoadAssemblies (71ms)
			RebuildTransferFunctionScriptingTraits (0ms)
			SetupTypeCache (367ms)
			ReleaseScriptCaches (2ms)
			RebuildScriptCaches (73ms)
			SetupLoadedEditorAssemblies (469ms)
				LogAssemblyErrors (0ms)
				InitializePlatformSupportModulesInManaged (24ms)
				SetLoadedEditorAssemblies (1ms)
				RefreshPlugins (1ms)
				BeforeProcessingInitializeOnLoad (67ms)
				ProcessInitializeOnLoadAttributes (338ms)
				ProcessInitializeOnLoadMethodAttributes (34ms)
				AfterProcessingInitializeOnLoad (3ms)
				EditorAssembliesLoaded (0ms)
			ExecutionOrderSort2 (0ms)
			AwakeInstancesAfterBackupRestoration (8ms)
Platform modules already initialized, skipping
Refreshing native plugins compatible for Editor in 1.66 ms, found 3 plugins.
Preloading 0 native plugins for Editor in 0.00 ms.
Unloading 3841 Unused Serialized files (Serialized files now loaded: 0)
Unloading 22 unused Assets / (149.0 KB). Loaded Objects now: 4337.
Memory consumption went from 136.0 MB to 135.8 MB.
Total: 4.321800 ms (FindLiveObjects: 0.305100 ms CreateObjectMapping: 0.115100 ms MarkObjects: 3.649900 ms  DeleteObjects: 0.249700 ms)

AssetImportParameters requested are different than current active one (requested -> active):
  custom:video-decoder-ogg-theora: a1e56fd34408186e4bbccfd4996cb3dc -> 
  custom:container-muxer-webm: aa71ff27fc2769a1b78a27578f13a17b -> 
  custom:container-demuxer-webm: 4f35f7cbe854078d1ac9338744f61a02 -> 
  custom:video-encoder-webm-vp8: eb34c28f22e8b96e1ab97ce403110664 -> 
  custom:video-codec-MediaFoundation-h265: 746d11721c4dcdbdad8f713fa42b33f4 -> 
  custom:audio-encoder-webm-vorbis: bf7c407c2cedff20999df2af8eb42d56 -> 
  custom:framework-win-MediaFoundation: 216162199b28c13a410421893ffa2e32 -> 
  custom:container-demuxer-ogg: 62fdf1f143b41e24485cea50d1cbac27 -> 
  custom:video-decoder-webm-vp8: 9c59270c3fd7afecdb556c50c9e8de78 -> 
  custom:audio-decoder-ogg-vorbis: bf7c407c2cedff20999df2af8eb42d56 -> 
